# JRE version: OpenJDK Runtime Environment (8.0_242-b01) (build 1.8.0_242-release-1644-b01)
# Java VM: OpenJDK 64-Bit Server VM (25.242-b01 mixed mode windows-amd64 compressed oops)
Heap:
 PSYoungGen      total 149504K, used 121502K [0x00000000f5580000, 0x0000000100000000, 0x0000000100000000)
  eden space 128000K, 82% used [0x00000000f5580000,0x00000000fbd04500,0x00000000fd280000)
  from space 21504K, 72% used [0x00000000fd280000,0x00000000fe1a36d0,0x00000000fe780000)
  to   space 23040K, 0% used [0x00000000fe980000,0x00000000fe980000,0x0000000100000000)
 ParOldGen       total 349696K, used 324724K [0x00000000e0000000, 0x00000000f5580000, 0x00000000f5580000)
  object space 349696K, 92% used [0x00000000e0000000,0x00000000f3d1d1c0,0x00000000f5580000)
 Metaspace       used 120347K, capacity 127844K, committed 128128K, reserved 1161216K
  class space    used 15795K, capacity 17187K, committed 17280K, reserved 1048576K
GC Heap History (10 events):
Event: 311.632 GC heap before
{Heap before GC invocations=97 (full 4):
 PSYoungGen      total 147456K, used 136945K [0x00000000f5580000, 0x0000000100000000, 0x0000000100000000)
  eden space 122368K, 100% used [0x00000000f5580000,0x00000000fcd00000,0x00000000fcd00000)
  from space 25088K, 58% used [0x00000000fe780000,0x00000000ff5bc7f0,0x0000000100000000)
  to   space 26112K, 0% used [0x00000000fcd00000,0x00000000fcd00000,0x00000000fe680000)
 ParOldGen       total 349696K, used 314905K [0x00000000e0000000, 0x00000000f5580000, 0x00000000f5580000)
  object space 349696K, 90% used [0x00000000e0000000,0x00000000f3386670,0x00000000f5580000)
 Metaspace       used 113878K, capacity 121070K, committed 121344K, reserved 1155072K
  class space    used 14961K, capacity 16281K, committed 16384K, reserved 1048576K
Event: 311.664 GC heap after
Heap after GC invocations=97 (full 4):
 PSYoungGen      total 148480K, used 2743K [0x00000000f5580000, 0x00000000fff00000, 0x0000000100000000)
  eden space 122368K, 0% used [0x00000000f5580000,0x00000000f5580000,0x00000000fcd00000)
  from space 26112K, 10% used [0x00000000fcd00000,0x00000000fcfadd30,0x00000000fe680000)
  to   space 25088K, 0% used [0x00000000fe680000,0x00000000fe680000,0x00000000fff00000)
 ParOldGen       total 349696K, used 315337K [0x00000000e0000000, 0x00000000f5580000, 0x00000000f5580000)
  object space 349696K, 90% used [0x00000000e0000000,0x00000000f33f2670,0x00000000f5580000)
 Metaspace       used 113878K, capacity 121070K, committed 121344K, reserved 1155072K
  class space    used 14961K, capacity 16281K, committed 16384K, reserved 1048576K
}
Event: 313.275 GC heap before
{Heap before GC invocations=98 (full 4):
 PSYoungGen      total 148480K, used 125111K [0x00000000f5580000, 0x00000000fff00000, 0x0000000100000000)
  eden space 122368K, 100% used [0x00000000f5580000,0x00000000fcd00000,0x00000000fcd00000)
  from space 26112K, 10% used [0x00000000fcd00000,0x00000000fcfadd30,0x00000000fe680000)
  to   space 25088K, 0% used [0x00000000fe680000,0x00000000fe680000,0x00000000fff00000)
 ParOldGen       total 349696K, used 315337K [0x00000000e0000000, 0x00000000f5580000, 0x00000000f5580000)
  object space 349696K, 90% used [0x00000000e0000000,0x00000000f33f2670,0x00000000f5580000)
 Metaspace       used 118537K, capacity 125738K, committed 126080K, reserved 1159168K
  class space    used 15594K, capacity 16922K, committed 17024K, reserved 1048576K
Event: 313.289 GC heap after
Heap after GC invocations=98 (full 4):
 PSYoungGen      total 146432K, used 6065K [0x00000000f5580000, 0x00000000ffd00000, 0x0000000100000000)
  eden space 123392K, 0% used [0x00000000f5580000,0x00000000f5580000,0x00000000fce00000)
  from space 23040K, 26% used [0x00000000fe680000,0x00000000fec6c488,0x00000000ffd00000)
  to   space 24064K, 0% used [0x00000000fce00000,0x00000000fce00000,0x00000000fe580000)
 ParOldGen       total 349696K, used 316073K [0x00000000e0000000, 0x00000000f5580000, 0x00000000f5580000)
  object space 349696K, 90% used [0x00000000e0000000,0x00000000f34aa6c0,0x00000000f5580000)
 Metaspace       used 118537K, capacity 125738K, committed 126080K, reserved 1159168K
  class space    used 15594K, capacity 16922K, committed 17024K, reserved 1048576K
}
Event: 314.970 GC heap before
{Heap before GC invocations=99 (full 4):
 PSYoungGen      total 146432K, used 129457K [0x00000000f5580000, 0x00000000ffd00000, 0x0000000100000000)
  eden space 123392K, 100% used [0x00000000f5580000,0x00000000fce00000,0x00000000fce00000)
  from space 23040K, 26% used [0x00000000fe680000,0x00000000fec6c488,0x00000000ffd00000)
  to   space 24064K, 0% used [0x00000000fce00000,0x00000000fce00000,0x00000000fe580000)
 ParOldGen       total 349696K, used 316073K [0x00000000e0000000, 0x00000000f5580000, 0x00000000f5580000)
  object space 349696K, 90% used [0x00000000e0000000,0x00000000f34aa6c0,0x00000000f5580000)
 Metaspace       used 119456K, capacity 126792K, committed 126848K, reserved 1159168K
  class space    used 15700K, capacity 17015K, committed 17024K, reserved 1048576K
Event: 314.978 GC heap after
Heap after GC invocations=99 (full 4):
 PSYoungGen      total 147456K, used 6395K [0x00000000f5580000, 0x00000000ffe00000, 0x0000000100000000)
  eden space 123392K, 0% used [0x00000000f5580000,0x00000000f5580000,0x00000000fce00000)
  from space 24064K, 26% used [0x00000000fce00000,0x00000000fd43efb8,0x00000000fe580000)
  to   space 22528K, 0% used [0x00000000fe800000,0x00000000fe800000,0x00000000ffe00000)
 ParOldGen       total 349696K, used 317785K [0x00000000e0000000, 0x00000000f5580000, 0x00000000f5580000)
  object space 349696K, 90% used [0x00000000e0000000,0x00000000f3656710,0x00000000f5580000)
 Metaspace       used 119456K, capacity 126792K, committed 126848K, reserved 1159168K
  class space    used 15700K, capacity 17015K, committed 17024K, reserved 1048576K
}
Event: 319.847 GC heap before
{Heap before GC invocations=100 (full 4):
 PSYoungGen      total 147456K, used 129787K [0x00000000f5580000, 0x00000000ffe00000, 0x0000000100000000)
  eden space 123392K, 100% used [0x00000000f5580000,0x00000000fce00000,0x00000000fce00000)
  from space 24064K, 26% used [0x00000000fce00000,0x00000000fd43efb8,0x00000000fe580000)
  to   space 22528K, 0% used [0x00000000fe800000,0x00000000fe800000,0x00000000ffe00000)
 ParOldGen       total 349696K, used 317785K [0x00000000e0000000, 0x00000000f5580000, 0x00000000f5580000)
  object space 349696K, 90% used [0x00000000e0000000,0x00000000f3656710,0x00000000f5580000)
 Metaspace       used 119749K, capacity 127074K, committed 127232K, reserved 1159168K
  class space    used 15723K, capacity 17056K, committed 17152K, reserved 1048576K
Event: 319.856 GC heap after
Heap after GC invocations=100 (full 4):
 PSYoungGen      total 148992K, used 4357K [0x00000000f5580000, 0x00000000ffc80000, 0x0000000100000000)
  eden space 128000K, 0% used [0x00000000f5580000,0x00000000f5580000,0x00000000fd280000)
  from space 20992K, 20% used [0x00000000fe800000,0x00000000fec415e8,0x00000000ffc80000)
  to   space 21504K, 0% used [0x00000000fd280000,0x00000000fd280000,0x00000000fe780000)
 ParOldGen       total 349696K, used 320850K [0x00000000e0000000, 0x00000000f5580000, 0x00000000f5580000)
  object space 349696K, 91% used [0x00000000e0000000,0x00000000f3954ad8,0x00000000f5580000)
 Metaspace       used 119749K, capacity 127074K, committed 127232K, reserved 1159168K
  class space    used 15723K, capacity 17056K, committed 17152K, reserved 1048576K
}
Event: 321.478 GC heap before
{Heap before GC invocations=101 (full 4):
 PSYoungGen      total 148992K, used 132357K [0x00000000f5580000, 0x00000000ffc80000, 0x0000000100000000)
  eden space 128000K, 100% used [0x00000000f5580000,0x00000000fd280000,0x00000000fd280000)
  from space 20992K, 20% used [0x00000000fe800000,0x00000000fec415e8,0x00000000ffc80000)
  to   space 21504K, 0% used [0x00000000fd280000,0x00000000fd280000,0x00000000fe780000)
 ParOldGen       total 349696K, used 320850K [0x00000000e0000000, 0x00000000f5580000, 0x00000000f5580000)
  object space 349696K, 91% used [0x00000000e0000000,0x00000000f3954ad8,0x00000000f5580000)
 Metaspace       used 120104K, capacity 127452K, committed 127744K, reserved 1159168K
  class space    used 15759K, capacity 17105K, committed 17152K, reserved 1048576K
Event: 321.502 GC heap after
Heap after GC invocations=101 (full 4):
 PSYoungGen      total 149504K, used 15501K [0x00000000f5580000, 0x0000000100000000, 0x0000000100000000)
  eden space 128000K, 0% used [0x00000000f5580000,0x00000000f5580000,0x00000000fd280000)
  from space 21504K, 72% used [0x00000000fd280000,0x00000000fe1a36d0,0x00000000fe780000)
  to   space 23040K, 0% used [0x00000000fe980000,0x00000000fe980000,0x0000000100000000)
 ParOldGen       total 349696K, used 324724K [0x00000000e0000000, 0x00000000f5580000, 0x00000000f5580000)
  object space 349696K, 92% used [0x00000000e0000000,0x00000000f3d1d1c0,0x00000000f5580000)
 Metaspace       used 120104K, capacity 127452K, committed 127744K, reserved 1159168K
  class space    used 15759K, capacity 17105K, committed 17152K, reserved 1048576K
}

